2025-03-08 15:04:51,122 - compression_app - INFO - Starting File Compression Application
2025-03-08 15:04:51,122 - compression_app - INFO - Application directories set up: logs, temp, icons
2025-03-08 15:04:51,150 - compression_app - INFO - Compression handler initialized
2025-03-08 15:04:52,161 - compression_app - INFO - UI initialized and shown
2025-03-08 15:05:10,274 - compression_app - INFO - Starting File Compression Application
2025-03-08 15:05:10,274 - compression_app - INFO - Application directories set up: logs, temp, icons
2025-03-08 15:05:10,295 - compression_app - INFO - Compression handler initialized
2025-03-08 15:05:11,170 - compression_app - INFO - UI initialized and shown
2025-03-08 15:06:39,712 - compression_app - INFO - Starting File Compression Application
2025-03-08 15:06:39,712 - compression_app - INFO - Application directories set up: logs, temp, icons
2025-03-08 15:06:39,730 - compression_app - INFO - Compression handler initialized
2025-03-08 15:06:40,597 - compression_app - INFO - UI initialized and shown
2025-03-08 15:07:04,396 - compression_app - INFO - Application exiting with code: 0
2025-03-08 15:08:35,037 - compression_app - INFO - Starting File Compression Application
2025-03-08 15:08:35,037 - compression_app - INFO - Application directories set up: logs, temp, icons
2025-03-08 15:08:35,055 - compression_app - INFO - Compression handler initialized
2025-03-08 15:08:35,842 - compression_app - INFO - UI initialized and shown
2025-03-08 15:08:39,772 - compression_app - INFO - Application exiting with code: 0
2025-03-08 15:14:47,293 - compression_app - INFO - Starting File Compression Application
2025-03-08 15:14:47,293 - compression_app - INFO - Application directories set up: logs, temp, icons
2025-03-08 15:14:47,312 - compression_app - INFO - Compression handler initialized
2025-03-08 15:14:47,977 - compression_app - INFO - UI initialized and shown
2025-03-08 15:14:58,000 - compression_app - INFO - Application exiting with code: 0
2025-03-08 15:15:01,749 - compression_app - INFO - Starting File Compression Application
2025-03-08 15:15:01,749 - compression_app - INFO - Application directories set up: logs, temp, icons
2025-03-08 15:15:01,768 - compression_app - INFO - Compression handler initialized
2025-03-08 15:15:02,434 - compression_app - INFO - UI initialized and shown
2025-03-08 15:16:54,872 - compression_app - INFO - Application exiting with code: 0
2025-03-08 15:17:17,837 - compression_app - INFO - Starting File Compression Application
2025-03-08 15:17:17,838 - compression_app - INFO - Application directories set up: logs, temp, icons
2025-03-08 15:17:17,856 - compression_app - INFO - Compression handler initialized
2025-03-08 15:17:18,363 - compression_app - INFO - UI initialized and shown
2025-03-08 15:17:24,502 - compression_app - INFO - Application exiting with code: 0
2025-03-08 15:17:41,754 - compression_app - INFO - Starting File Compression Application
2025-03-08 15:17:41,755 - compression_app - INFO - Application directories set up: logs, temp, icons
2025-03-08 15:17:41,772 - compression_app - INFO - Compression handler initialized
2025-03-08 15:17:42,385 - compression_app - INFO - UI initialized and shown
2025-03-08 15:17:57,435 - compression_app - INFO - Application exiting with code: 0
2025-03-08 15:18:06,207 - compression_app - INFO - Starting File Compression Application
2025-03-08 15:18:06,208 - compression_app - INFO - Application directories set up: logs, temp, icons
2025-03-08 15:18:06,235 - compression_app - INFO - Compression handler initialized
2025-03-08 15:18:06,799 - compression_app - INFO - UI initialized and shown
2025-03-08 15:19:43,130 - compression_app - INFO - Application exiting with code: 0
2025-03-08 15:20:37,621 - compression_app - INFO - Starting File Compression Application
2025-03-08 15:20:37,621 - compression_app - INFO - Application directories set up: logs, temp, icons
2025-03-08 15:20:37,640 - compression_app - INFO - Compression handler initialized
2025-03-08 15:20:38,108 - compression_app - INFO - UI initialized and shown
2025-03-08 15:20:56,089 - compression_app - INFO - Application exiting with code: 0
2025-03-08 15:20:58,641 - compression_app - INFO - Starting File Compression Application
2025-03-08 15:20:58,641 - compression_app - INFO - Application directories set up: logs, temp, icons
2025-03-08 15:20:58,661 - compression_app - INFO - Compression handler initialized
2025-03-08 15:20:59,236 - compression_app - INFO - UI initialized and shown
2025-03-08 15:21:04,064 - compression_app - INFO - Application exiting with code: 0
2025-03-08 15:25:27,683 - compression_app - INFO - Starting File Compression Application
2025-03-08 15:25:27,683 - compression_app - INFO - Application directories set up: logs, temp, icons
2025-03-08 15:25:27,703 - compression_app - INFO - Compression handler initialized
2025-03-08 15:25:28,404 - compression_app - INFO - UI initialized and shown
2025-03-08 15:29:44,559 - compression_app - INFO - Starting File Compression Application
2025-03-08 15:29:44,560 - compression_app - INFO - Application directories set up: logs, temp, icons
2025-03-08 15:29:44,576 - compression_app - INFO - Compression handler initialized
2025-03-08 15:29:47,148 - compression_app - ERROR - Error during application startup: argument 1 has unexpected type 'NoneType'
Traceback (most recent call last):
  File "d:\File_Compression\main.py", line 160, in main
    window = CompressionApp(compression_handler)
             ^^^^^^^^^^^^^^^^^^^^^^^^^^^^^^^^^^^
  File "d:\File_Compression\ui\ui_components.py", line 139, in __init__
    self.initUI()
  File "d:\File_Compression\ui\ui_components.py", line 176, in initUI
    self.dashboard_widget.connect_actions(
  File "d:\File_Compression\ui\dashboard.py", line 245, in connect_actions
    self.compress_card.button.clicked.connect(compress_callback)
TypeError: argument 1 has unexpected type 'NoneType'
2025-03-08 15:31:29,124 - compression_app - INFO - Starting File Compression Application
2025-03-08 15:31:29,125 - compression_app - INFO - Application directories set up: logs, temp, icons
2025-03-08 15:31:29,167 - compression_app - INFO - Compression handler initialized
2025-03-08 15:31:30,022 - compression_app - INFO - UI initialized and shown
2025-03-08 15:31:34,609 - compression_app - INFO - Application exiting with code: 0
2025-03-08 15:31:39,139 - compression_app - INFO - Starting File Compression Application
2025-03-08 15:31:39,140 - compression_app - INFO - Application directories set up: logs, temp, icons
2025-03-08 15:31:39,177 - compression_app - INFO - Compression handler initialized
2025-03-08 15:31:39,861 - compression_app - INFO - UI initialized and shown
2025-03-08 15:31:41,623 - compression_app - INFO - Application exiting with code: 0
2025-03-08 15:31:52,132 - compression_app - INFO - Starting File Compression Application
2025-03-08 15:31:52,132 - compression_app - INFO - Application directories set up: logs, temp, icons
2025-03-08 15:31:52,162 - compression_app - INFO - Compression handler initialized
2025-03-08 15:31:52,853 - compression_app - INFO - UI initialized and shown
2025-03-08 15:31:57,940 - compression_app - INFO - Application exiting with code: 0
2025-03-08 15:33:06,332 - compression_app - INFO - Starting File Compression Application
2025-03-08 15:33:06,333 - compression_app - INFO - Application directories set up: logs, temp, icons
2025-03-08 15:33:06,355 - compression_app - INFO - Compression handler initialized
2025-03-08 15:33:07,130 - compression_app - INFO - UI initialized and shown
2025-03-08 15:33:20,176 - compression_app - INFO - Application exiting with code: 0
2025-03-08 15:38:18,913 - compression_app - INFO - Starting File Compression Application
2025-03-08 15:38:18,914 - compression_app - INFO - Application directories set up: logs, temp, icons
2025-03-08 15:38:18,935 - compression_app - INFO - Compression handler initialized
2025-03-08 15:38:19,687 - compression_app - INFO - UI initialized and shown
2025-03-08 15:39:03,273 - compression_app - INFO - Starting File Compression Application
2025-03-08 15:39:03,273 - compression_app - INFO - Application directories set up: logs, temp, icons
2025-03-08 15:39:03,297 - compression_app - INFO - Compression handler initialized
2025-03-08 15:39:04,026 - compression_app - INFO - UI initialized and shown
2025-03-08 15:39:31,267 - compression_app - INFO - Application exiting with code: 0
2025-03-08 15:42:24,632 - compression_app - INFO - Starting File Compression Application
2025-03-08 15:42:24,632 - compression_app - INFO - Application directories set up: logs, temp, icons
2025-03-08 15:42:24,662 - compression_app - INFO - Compression handler initialized
2025-03-08 15:42:25,444 - compression_app - INFO - UI initialized and shown
2025-03-08 15:45:35,077 - compression_app - INFO - Application exiting with code: 0
2025-03-08 15:45:37,220 - compression_app - INFO - Starting File Compression Application
2025-03-08 15:45:37,220 - compression_app - INFO - Application directories set up: logs, temp, icons
2025-03-08 15:45:37,238 - compression_app - INFO - Compression handler initialized
2025-03-08 15:45:37,874 - compression_app - INFO - UI initialized and shown
2025-03-08 15:45:51,292 - compression_app - INFO - Application exiting with code: 0
2025-03-08 15:48:58,053 - compression_app - INFO - Starting File Compression Application
2025-03-08 15:48:58,053 - compression_app - INFO - Application directories set up: logs, temp, icons
2025-03-08 15:48:58,090 - compression_app - INFO - Compression handler initialized
2025-03-08 15:48:58,659 - compression_app - INFO - UI initialized and shown
2025-03-08 15:49:24,196 - compression_app - INFO - Application exiting with code: 0
2025-03-08 15:53:37,939 - compression_app - INFO - Starting File Compression Application
2025-03-08 15:53:37,939 - compression_app - INFO - Application directories set up: logs, temp, icons
2025-03-08 15:53:37,960 - compression_app - INFO - Compression handler initialized
2025-03-08 15:53:38,589 - compression_app - INFO - UI initialized and shown
2025-03-08 15:54:58,836 - compression_app - INFO - Application exiting with code: 0
2025-03-08 15:55:01,169 - compression_app - INFO - Starting File Compression Application
2025-03-08 15:55:01,169 - compression_app - INFO - Application directories set up: logs, temp, icons
2025-03-08 15:55:01,197 - compression_app - INFO - Compression handler initialized
2025-03-08 15:55:01,763 - compression_app - INFO - UI initialized and shown
2025-03-08 15:58:56,071 - compression_app - INFO - Application exiting with code: 0
2025-03-08 15:58:57,802 - compression_app - INFO - Starting File Compression Application
2025-03-08 15:58:57,802 - compression_app - INFO - Application directories set up: logs, temp, icons
2025-03-08 15:58:57,835 - compression_app - INFO - Compression handler initialized
2025-03-08 15:58:58,498 - compression_app - INFO - UI initialized and shown
2025-03-08 15:59:18,926 - compression_app - INFO - Application exiting with code: 0
